Using pre-set license
Built from '2020.2/release' branch; Version is '2020.2.2f1 (068178b99f32) revision 426360'; Using compiler version '192528614'; Build Type 'Release'
OS: 'Windows 10 Home; OS build 19042.804; Version 2009; 64bit' Language: 'en' Physical Memory: 16322 MB
BatchMode: 1, IsHumanControllingUs: 0, StartBugReporterOnCrash: 0, Is64bit: 1, IsPro: 0

 COMMAND LINE ARGUMENTS:
D:\Augmented Reality\2020.2.2f1\Editor\Unity.exe
-adb2
-batchMode
-noUpm
-name
AssetImportWorker0
-projectPath
D:/Augmented Reality/Occulusion/ARFoundationOcclusion-feature-URPOcclusion
-logFile
Logs/AssetImportWorker0.log
-srvPort
62461
Successfully changed project path to: D:/Augmented Reality/Occulusion/ARFoundationOcclusion-feature-URPOcclusion
D:/Augmented Reality/Occulusion/ARFoundationOcclusion-feature-URPOcclusion
Using Asset Import Pipeline V2.
Refreshing native plugins compatible for Editor in 35.20 ms, found 0 plugins.
Preloading 0 native plugins for Editor in 0.00 ms.
Initialize engine version: 2020.2.2f1 (068178b99f32)
[Subsystems] Discovering subsystems at path D:/Augmented Reality/2020.2.2f1/Editor/Data/Resources/UnitySubsystems
[Subsystems] Discovering subsystems at path D:/Augmented Reality/Occulusion/ARFoundationOcclusion-feature-URPOcclusion/Assets
GfxDevice: creating device client; threaded=0
Direct3D:
    Version:  Direct3D 11.0 [level 11.1]
    Renderer: NVIDIA GeForce RTX 2060 (ID=0x1f08)
    Vendor:   
    VRAM:     5980 MB
    Driver:   27.21.14.5751
Shader 'Universal Render Pipeline/Particles/Lit': fallback shader 'Universal Render Pipeline/Particles/SimpleLit' not found
Initialize mono
Mono path[0] = 'D:/Augmented Reality/2020.2.2f1/Editor/Data/Managed'
Mono path[1] = 'D:/Augmented Reality/2020.2.2f1/Editor/Data/MonoBleedingEdge/lib/mono/unityjit'
Mono config path = 'D:/Augmented Reality/2020.2.2f1/Editor/Data/MonoBleedingEdge/etc'
Using monoOptions --debugger-agent=transport=dt_socket,embedding=1,server=y,suspend=n,address=127.0.0.1:56452
Begin MonoManager ReloadAssembly
Registering precompiled unity dll's ...
Register platform support module: D:/Augmented Reality/2020.2.2f1/Editor/Data/PlaybackEngines/WebGLSupport/UnityEditor.WebGL.Extensions.dll
Register platform support module: D:/Augmented Reality/2020.2.2f1/Editor/Data/PlaybackEngines/WindowsStandaloneSupport/UnityEditor.WindowsStandalone.Extensions.dll
Registered in 0.001007 seconds.
Native extension for WindowsStandalone target not found
Native extension for WebGL target not found
Refreshing native plugins compatible for Editor in 36.29 ms, found 0 plugins.
Preloading 0 native plugins for Editor in 0.00 ms.
Invoked RoslynAnalysisRunner static constructor.
RoslynAnalysisRunner will not be running.
RoslynAnalysisRunner has terminated.
Mono: successfully reloaded assembly
- Completed reload, in  1.562 seconds
Platform modules already initialized, skipping
Registering precompiled user dll's ...
Registered in 0.000960 seconds.
Begin MonoManager ReloadAssembly
Native extension for WindowsStandalone target not found
Native extension for WebGL target not found
Refreshing native plugins compatible for Editor in 0.39 ms, found 0 plugins.
Preloading 0 native plugins for Editor in 0.00 ms.
Invoked RoslynAnalysisRunner static constructor.
RoslynAnalysisRunner will not be running.
RoslynAnalysisRunner has terminated.
Mono: successfully reloaded assembly
- Completed reload, in  0.601 seconds
Platform modules already initialized, skipping
========================================================================
Worker process is ready to serve import requests
Shader 'Universal Render Pipeline/Particles/Lit': fallback shader 'Universal Render Pipeline/Particles/SimpleLit' not found
Launched and connected shader compiler UnityShaderCompiler.exe after 0.03 seconds
Refreshing native plugins compatible for Editor in 0.50 ms, found 0 plugins.
Preloading 0 native plugins for Editor in 0.00 ms.
Unloading 2695 Unused Serialized files (Serialized files now loaded: 0)
System memory in use before: 120.1 MB.
System memory in use after: 120.3 MB.

Unloading 6 unused Assets to reduce memory usage. Loaded Objects now: 3132.
Total: 1.998000 ms (FindLiveObjects: 0.328800 ms CreateObjectMapping: 0.192700 ms MarkObjects: 1.402700 ms  DeleteObjects: 0.072100 ms)

========================================================================
Received Import Request.
  path: Assets/Scripts/PlacementController.cs
  artifactKey: Guid(379a9ffcfd742fa4d894910b91f2e084) Importer(815301076,1909f56bfc062723c751e8b465ee728b)
Start importing Assets/Scripts/PlacementController.cs using Guid(379a9ffcfd742fa4d894910b91f2e084) Importer(815301076,1909f56bfc062723c751e8b465ee728b)  -> (artifact id: 'a290fbe859e46fea5993af1b4f92a37c') in 0.070879 seconds
  Import took 0.076317 seconds .

========================================================================
Received Import Request.
  Time since last request: 0.000211 seconds.
  path: Assets/Scripts
  artifactKey: Guid(2a728ded291e51c41a3c1d03908a3ed9) Importer(815301076,1909f56bfc062723c751e8b465ee728b)
Start importing Assets/Scripts using Guid(2a728ded291e51c41a3c1d03908a3ed9) Importer(815301076,1909f56bfc062723c751e8b465ee728b)  -> (artifact id: 'ee9ba9703c29cc853a8f1aac865d8873') in 0.007686 seconds
  Import took 0.012586 seconds .

========================================================================
Received Import Request.
  Time since last request: 135.293838 seconds.
  path: Assets/Scripts/AROcclusionQualityController.cs
  artifactKey: Guid(c1d4b13bf2b0b8247ae274d9e52a2509) Importer(815301076,1909f56bfc062723c751e8b465ee728b)
Start importing Assets/Scripts/AROcclusionQualityController.cs using Guid(c1d4b13bf2b0b8247ae274d9e52a2509) Importer(815301076,1909f56bfc062723c751e8b465ee728b)  -> (artifact id: '8fd23f93ae51850fa18da8e149c13e62') in 0.005347 seconds
  Import took 0.024871 seconds .

========================================================================
Received Import Request.
  Time since last request: 13.873382 seconds.
  path: Assets/Scripts/UIManager.cs
  artifactKey: Guid(ab5f09b8bda1c534986fddaf980cf6c9) Importer(815301076,1909f56bfc062723c751e8b465ee728b)
Start importing Assets/Scripts/UIManager.cs using Guid(ab5f09b8bda1c534986fddaf980cf6c9) Importer(815301076,1909f56bfc062723c751e8b465ee728b)  -> (artifact id: '900b40f0633686b5298c6e6deff7223a') in 0.004832 seconds
  Import took 0.008038 seconds .

========================================================================
Received Import Request.
  Time since last request: 0.000356 seconds.
  path: Assets/Scripts/UIManager.cs
  artifactKey: Guid(ab5f09b8bda1c534986fddaf980cf6c9) Importer(815301076,1909f56bfc062723c751e8b465ee728b)
Start importing Assets/Scripts/UIManager.cs using Guid(ab5f09b8bda1c534986fddaf980cf6c9) Importer(815301076,1909f56bfc062723c751e8b465ee728b)  -> (artifact id: '900b40f0633686b5298c6e6deff7223a') in 0.001685 seconds
  Import took 0.004558 seconds .

AssetImportWorkerClient::OnTransportError - code=2 error=End of file
